verification result:
spin -a  problem1.pml
ltl p1: [] (<> ((! (travelling)) && ((currentLoad==0))))
gcc -DMEMLIM=1024 -O2 -DXUSAFE -w -o pan pan.c
./pan -m10000  -a -N p1
Pid: 5992
pan:1: acceptance cycle (at depth 1140)
pan: wrote problem1.pml.trail

(Spin Version 6.5.1 -- 3 November 2019)
Warning: Search not completed
	+ Partial Order Reduction

Full statespace search for:
	never claim         	+ (p1)
	assertion violations	+ (if within scope of claim)
	acceptance   cycles 	+ (fairness disabled)
	invalid end states	- (disabled by never claim)

State-vector 876 byte, depth reached 1175, errors: 1
    52470 states, stored (104363 visited)
    86245 states, matched
   190608 transitions (= visited+matched)
        6 atomic steps
hash conflicts:       154 (resolved)

Stats on memory usage (in Megabytes):
   44.635	equivalent memory usage for states (stored*(State-vector + overhead))
   44.749	actual memory usage for states
   64.000	memory used for hash table (-w24)
    0.343	memory used for DFS stack (-m10000)
  108.679	total actual memory usage



pan: elapsed time 0.301 seconds
To replay the error-trail, goto Simulate/Replay and select "Run"
spin -a  problem1.pml
ltl p1: [] (<> ([] ((! (travelling)) && ((currentLoad==0)))))
gcc -DMEMLIM=1024 -O2 -DXUSAFE -w -o pan pan.c
./pan -m10000  -a -N p1
Pid: 11384
pan:1: acceptance cycle (at depth 1140)
pan: wrote problem1.pml.trail

(Spin Version 6.5.1 -- 3 November 2019)
Warning: Search not completed
	+ Partial Order Reduction

Full statespace search for:
	never claim         	+ (p1)
	assertion violations	+ (if within scope of claim)
	acceptance   cycles 	+ (fairness disabled)
	invalid end states	- (disabled by never claim)

State-vector 876 byte, depth reached 1175, errors: 1
   182414 states, stored (364239 visited)
   295538 states, matched
   659777 transitions (= visited+matched)
        6 atomic steps
hash conflicts:      1215 (resolved)

Stats on memory usage (in Megabytes):
  155.175	equivalent memory usage for states (stored*(State-vector + overhead))
  154.961	actual memory usage for states (compression: 99.86%)
         	state-vector as stored = 875 byte + 16 byte overhead
   64.000	memory used for hash table (-w24)
    0.343	memory used for DFS stack (-m10000)
    1.250	memory lost to fragmentation
  218.054	total actual memory usage



pan: elapsed time 1.03 seconds
To replay the error-trail, goto Simulate/Replay and select "Run"


