verification result:
spin -a  problem1-ltl.pml
ltl p1: [] (<> ([] (((((! (travelling[0])) && (! (travelling[1]))) && (! (travelling[2]))) && (! (travelling[3]))) && (((((currentLoad[0]==0)) && ((currentLoad[1]==0))) && ((currentLoad[2]==0))) && ((currentLoad[3]==0))))))
gcc -DMEMLIM=1024 -O2 -DXUSAFE -w -o pan pan.c
./pan -m10000  -a -N p1
Pid: 17516
pan:1: acceptance cycle (at depth 710)
pan: wrote problem1-ltl.pml.trail

(Spin Version 6.5.1 -- 3 November 2019)
Warning: Search not completed
	+ Partial Order Reduction

Full statespace search for:
	never claim         	+ (p1)
	assertion violations	+ (if within scope of claim)
	acceptance   cycles 	+ (fairness disabled)
	invalid end states	- (disabled by never claim)

State-vector 888 byte, depth reached 749, errors: 1
   164876 states, stored (329381 visited)
   375266 states, matched
   704647 transitions (= visited+matched)
        6 atomic steps
hash conflicts:       995 (resolved)

Stats on memory usage (in Megabytes):
  142.143	equivalent memory usage for states (stored*(State-vector + overhead))
  140.596	actual memory usage for states (compression: 98.91%)
         	state-vector as stored = 878 byte + 16 byte overhead
   64.000	memory used for hash table (-w24)
    0.343	memory used for DFS stack (-m10000)
  204.480	total actual memory usage



pan: elapsed time 1.17 seconds
To replay the error-trail, goto Simulate/Replay and select "Run"
spin -a  problem1-ltl.pml
ltl p2: [] (((((currentLoad[0]<=capacity[0])) && ((currentLoad[1]<=capacity[1]))) && ((currentLoad[2]<=capacity[2]))) && ((currentLoad[3]<=capacity[3])))
gcc -DMEMLIM=1024 -O2 -DXUSAFE -w -o pan pan.c
./pan -m10000  -a -N p2
Pid: 13268
Depth=     815 States=   1e+006 Transitions= 1.39e+006 Memory=   928.699	t=     2.81 R=  4e+005
pan: reached -DMEMLIM bound
	1.07365e+009 bytes used
	102400 bytes more needed
	1.07374e+009 bytes limit
hint: to reduce memory, recompile with
  -DCOLLAPSE # good, fast compression, or
  -DMA=904   # better/slower compression, or
  -DHC # hash-compaction, approximation
  -DBITSTATE # supertrace, approximation

(Spin Version 6.5.1 -- 3 November 2019)
Warning: Search not completed
	+ Partial Order Reduction

Full statespace search for:
	never claim         	+ (p2)
	assertion violations	+ (if within scope of claim)
	acceptance   cycles 	+ (fairness disabled)
	invalid end states	- (disabled by never claim)

State-vector 904 byte, depth reached 815, errors: 0
  1110223 states, stored
   433013 states, matched
  1543236 transitions (= stored+matched)
        6 atomic steps
hash conflicts:     10119 (resolved)

Stats on memory usage (in Megabytes):
  974.088	equivalent memory usage for states (stored*(State-vector + overhead))
  961.971	actual memory usage for states (compression: 98.76%)
         	state-vector as stored = 893 byte + 16 byte overhead
   64.000	memory used for hash table (-w24)
    0.343	memory used for DFS stack (-m10000)
    2.401	memory lost to fragmentation
 1023.914	total actual memory usage



pan: elapsed time 3.15 seconds
No errors found -- did you verify all claims?


